<?xml version="1.0" encoding="UTF-8"?>
<testsuite xmlns:xsi="http://www.w3.org/2001/XMLSchema-instance" xsi:noNamespaceSchemaLocation="https://maven.apache.org/surefire/maven-surefire-plugin/xsd/surefire-test-report.xsd" version="3.0.2" name="cpsc326.ASTParserTests" time="0.058" tests="62" errors="0" skipped="0" failures="0">
  <properties>
    <property name="java.specification.version" value="21"/>
    <property name="sun.cpu.isalist" value="amd64"/>
    <property name="sun.jnu.encoding" value="Cp1252"/>
    <property name="java.class.path" value="C:\Users\arjun\OneDrive\Desktop\Gonzaga_2024-25\second sem\CPSC326\hw3-arjuna26\target\test-classes;C:\Users\arjun\OneDrive\Desktop\Gonzaga_2024-25\second sem\CPSC326\hw3-arjuna26\target\classes;C:\Users\arjun\.m2\repository\org\junit\jupiter\junit-jupiter\5.10.3\junit-jupiter-5.10.3.jar;C:\Users\arjun\.m2\repository\org\junit\jupiter\junit-jupiter-api\5.10.3\junit-jupiter-api-5.10.3.jar;C:\Users\arjun\.m2\repository\org\opentest4j\opentest4j\1.3.0\opentest4j-1.3.0.jar;C:\Users\arjun\.m2\repository\org\junit\platform\junit-platform-commons\1.10.3\junit-platform-commons-1.10.3.jar;C:\Users\arjun\.m2\repository\org\apiguardian\apiguardian-api\1.1.2\apiguardian-api-1.1.2.jar;C:\Users\arjun\.m2\repository\org\junit\jupiter\junit-jupiter-params\5.10.3\junit-jupiter-params-5.10.3.jar;C:\Users\arjun\.m2\repository\org\junit\jupiter\junit-jupiter-engine\5.10.3\junit-jupiter-engine-5.10.3.jar;C:\Users\arjun\.m2\repository\org\junit\platform\junit-platform-engine\1.10.3\junit-platform-engine-1.10.3.jar;C:\Users\arjun\.m2\repository\net\sourceforge\argparse4j\argparse4j\0.9.0\argparse4j-0.9.0.jar;"/>
    <property name="java.vm.vendor" value="Eclipse Adoptium"/>
    <property name="sun.arch.data.model" value="64"/>
    <property name="user.variant" value=""/>
    <property name="java.vendor.url" value="https://adoptium.net/"/>
    <property name="user.timezone" value="America/Los_Angeles"/>
    <property name="os.name" value="Windows 11"/>
    <property name="java.vm.specification.version" value="21"/>
    <property name="sun.java.launcher" value="SUN_STANDARD"/>
    <property name="user.country" value="US"/>
    <property name="sun.boot.library.path" value="C:\Program Files\Eclipse Adoptium\jdk-21.0.4.7-hotspot\bin"/>
    <property name="sun.java.command" value="C:\Users\arjun\AppData\Local\Temp\surefire6163990633514610063\surefirebooter-20250429110802405_3.jar C:\Users\arjun\AppData\Local\Temp\surefire6163990633514610063 2025-04-29T11-08-02_248-jvmRun1 surefire-20250429110802405_1tmp surefire_0-20250429110802405_2tmp"/>
    <property name="jdk.debug" value="release"/>
    <property name="surefire.test.class.path" value="C:\Users\arjun\OneDrive\Desktop\Gonzaga_2024-25\second sem\CPSC326\hw3-arjuna26\target\test-classes;C:\Users\arjun\OneDrive\Desktop\Gonzaga_2024-25\second sem\CPSC326\hw3-arjuna26\target\classes;C:\Users\arjun\.m2\repository\org\junit\jupiter\junit-jupiter\5.10.3\junit-jupiter-5.10.3.jar;C:\Users\arjun\.m2\repository\org\junit\jupiter\junit-jupiter-api\5.10.3\junit-jupiter-api-5.10.3.jar;C:\Users\arjun\.m2\repository\org\opentest4j\opentest4j\1.3.0\opentest4j-1.3.0.jar;C:\Users\arjun\.m2\repository\org\junit\platform\junit-platform-commons\1.10.3\junit-platform-commons-1.10.3.jar;C:\Users\arjun\.m2\repository\org\apiguardian\apiguardian-api\1.1.2\apiguardian-api-1.1.2.jar;C:\Users\arjun\.m2\repository\org\junit\jupiter\junit-jupiter-params\5.10.3\junit-jupiter-params-5.10.3.jar;C:\Users\arjun\.m2\repository\org\junit\jupiter\junit-jupiter-engine\5.10.3\junit-jupiter-engine-5.10.3.jar;C:\Users\arjun\.m2\repository\org\junit\platform\junit-platform-engine\1.10.3\junit-platform-engine-1.10.3.jar;C:\Users\arjun\.m2\repository\net\sourceforge\argparse4j\argparse4j\0.9.0\argparse4j-0.9.0.jar;"/>
    <property name="sun.cpu.endian" value="little"/>
    <property name="user.home" value="C:\Users\arjun"/>
    <property name="user.language" value="en"/>
    <property name="java.specification.vendor" value="Oracle Corporation"/>
    <property name="java.version.date" value="2024-07-16"/>
    <property name="java.home" value="C:\Program Files\Eclipse Adoptium\jdk-21.0.4.7-hotspot"/>
    <property name="file.separator" value="\"/>
    <property name="basedir" value="C:\Users\arjun\OneDrive\Desktop\Gonzaga_2024-25\second sem\CPSC326\hw3-arjuna26"/>
    <property name="java.vm.compressedOopsMode" value="Zero based"/>
    <property name="line.separator" value="&#10;"/>
    <property name="java.vm.specification.vendor" value="Oracle Corporation"/>
    <property name="java.specification.name" value="Java Platform API Specification"/>
    <property name="surefire.real.class.path" value="C:\Users\arjun\AppData\Local\Temp\surefire6163990633514610063\surefirebooter-20250429110802405_3.jar"/>
    <property name="user.script" value=""/>
    <property name="sun.management.compiler" value="HotSpot 64-Bit Tiered Compilers"/>
    <property name="java.runtime.version" value="21.0.4+7-LTS"/>
    <property name="user.name" value="arjun"/>
    <property name="stdout.encoding" value="Cp1252"/>
    <property name="path.separator" value=";"/>
    <property name="os.version" value="10.0"/>
    <property name="java.runtime.name" value="OpenJDK Runtime Environment"/>
    <property name="file.encoding" value="UTF-8"/>
    <property name="java.vm.name" value="OpenJDK 64-Bit Server VM"/>
    <property name="java.vendor.version" value="Temurin-21.0.4+7"/>
    <property name="localRepository" value="C:\Users\arjun\.m2\repository"/>
    <property name="java.vendor.url.bug" value="https://github.com/adoptium/adoptium-support/issues"/>
    <property name="java.io.tmpdir" value="C:\Users\arjun\AppData\Local\Temp\"/>
    <property name="java.version" value="21.0.4"/>
    <property name="user.dir" value="C:\Users\arjun\OneDrive\Desktop\Gonzaga_2024-25\second sem\CPSC326\hw3-arjuna26"/>
    <property name="os.arch" value="amd64"/>
    <property name="java.vm.specification.name" value="Java Virtual Machine Specification"/>
    <property name="sun.os.patch.level" value=""/>
    <property name="native.encoding" value="Cp1252"/>
    <property name="java.library.path" value="C:\Program Files\Eclipse Adoptium\jdk-21.0.4.7-hotspot\bin;C:\WINDOWS\Sun\Java\bin;C:\WINDOWS\system32;C:\WINDOWS;C:\Users\arjun\bin;C:\Program Files\Git\mingw64\bin;C:\Program Files\Git\usr\local\bin;C:\Program Files\Git\usr\bin;C:\Program Files\Git\usr\bin;C:\Program Files\Git\mingw64\bin;C:\Program Files\Git\usr\bin;C:\Users\arjun\bin;C:\Program Files\Eclipse Adoptium\jdk-21.0.4.7-hotspot\bin;C:\Program Files\Common Files\Oracle\Java\javapath;C:\Program Files (x86)\Razer Chroma SDK\bin;C:\Program Files\Razer Chroma SDK\bin;C:\Program Files (x86)\Razer\ChromaBroadcast\bin;C:\Program Files\Razer\ChromaBroadcast\bin;C:\Program Files (x86)\Common Files\Oracle\Java\javapath;C:\Windows\system32;C:\Windows;C:\Windows\System32\Wbem;C:\Windows\System32\WindowsPowerShell\v1.0;C:\Windows\System32\OpenSSH;C:\Program Files (x86)\NVIDIA Corporation\PhysX\Common;C:\Program Files\NVIDIA Corporation\NVIDIA NvDLISR;C:\Windows\system32\config\systemprofile\AppData\Local\Microsoft\WindowsApps;C:\Users\arjun\AppData\Local\Microsoft\WindowsApps;C:\Users\arjun\AppData\Local\atom\bin;C:\WINDOWS\system32;C:\WINDOWS;C:\WINDOWS\System32\Wbem;C:\WINDOWS\System32\WindowsPowerShell\v1.0;C:\WINDOWS\System32\OpenSSH;C:\Program Files\MATLAB\R2020a\bin;C:\Program Files\MariaDB Shell;C:\Program Files\Amazon\AWSCLIV2;C:\Users\arjun\OneDrive\Desktop\CS Projects\FileBrowser;C:\Users\arjun\AppData\Local\Packages\PythonSoftwareFoundation.Python.3.10_qbz5n2kfra8p0\LocalCache\local-packages\Python310\Scripts;C:\Program Files\Docker\Docker\resources\bin;C:\Users\arjun\OneDrive\Desktop\Gonzaga_2024-25\CPSC450\code\apache-maven-3.9.9\bin;C:\Program Files\nodejs;C:\Program Files\Git\cmd;C:\Users\arjun\AppData\Local\Programs\Python\Python313\Scripts;C:\Users\arjun\AppData\Local\Programs\Python\Python313;C:\Users\arjun\AppData\Local\Programs\Python\Launcher;C:\Users\arjun\scoop\shims;C:\Users\arjun\AppData\Local\Microsoft\WindowsApps;C:\Users\arjun\AppData\Local\GitHubDesktop\bin;C:\Users\arjun\AppData\Local\Programs\Microsoft VS Code\bin;C:\msys64\mingw64\bin;C:\Users\arjun\AppData\Local\Programs\MiKTeX\miktex\bin\x64;C:\Users\arjun\go\bin;C:\Users\arjun\AppData\Local\Microsoft\WinGet\Packages\Schniz.fnm_Microsoft.Winget.Source_8wekyb3d8bbwe;C:\Users\arjun\AppData\Roaming\npm;C:\Users\arjun\AppData\Local\Microsoft\WindowsApps;C:\Users\arjun\OneDrive\Desktop\Gonzaga_2024-25\second sem\CPSC326\apache-maven-3.9.9-bin\apache-maven-3.9.9\bin;C:\Users\arjun\AppData\Local\Programs\cursor\resources\app\bin;C:\Users\arjun\AppData\Local\Microsoft\WinGet\Links;C:\Program Files\Git\usr\bin\vendor_perl;C:\Program Files\Git\usr\bin\core_perl;."/>
    <property name="java.vm.info" value="mixed mode, sharing"/>
    <property name="stderr.encoding" value="Cp1252"/>
    <property name="java.vendor" value="Eclipse Adoptium"/>
    <property name="java.vm.version" value="21.0.4+7-LTS"/>
    <property name="sun.io.unicode.encoding" value="UnicodeLittle"/>
    <property name="java.class.version" value="65.0"/>
  </properties>
  <testcase name="emptyFunctionOneBaseTypeParam" classname="cpsc326.ASTParserTests" time="0.009"/>
  <testcase name="simpleNewStructExpression" classname="cpsc326.ASTParserTests" time="0.001"/>
  <testcase name="twoEmptyFunctions" classname="cpsc326.ASTParserTests" time="0.001"/>
  <testcase name="parenExpressionFollowedByExpression" classname="cpsc326.ASTParserTests" time="0.001"/>
  <testcase name="simpleNotExpression" classname="cpsc326.ASTParserTests" time="0.001"/>
  <testcase name="structWithOneArrayField" classname="cpsc326.ASTParserTests" time="0.001"/>
  <testcase name="twoVariablePathExpressionWithoutArrayAccess" classname="cpsc326.ASTParserTests" time="0.001"/>
  <testcase name="emptyFunction" classname="cpsc326.ASTParserTests" time="0.0"/>
  <testcase name="emptyFunctionThreeParams" classname="cpsc326.ASTParserTests" time="0.001"/>
  <testcase name="simplePathAssignment" classname="cpsc326.ASTParserTests" time="0.001"/>
  <testcase name="emptyFunctionArrayReturn" classname="cpsc326.ASTParserTests" time="0.001"/>
  <testcase name="fullIfStatement" classname="cpsc326.ASTParserTests" time="0.001"/>
  <testcase name="singleIfStatement" classname="cpsc326.ASTParserTests" time="0.001"/>
  <testcase name="complexNestedStructureWithMixedOperations" classname="cpsc326.ASTParserTests" time="0.001"/>
  <testcase name="nestedIfElseWithinWhile" classname="cpsc326.ASTParserTests" time="0.001"/>
  <testcase name="emptyFunctionOneBaseTypeArrayParam" classname="cpsc326.ASTParserTests" time="0.001"/>
  <testcase name="structWithTwoBaseTypeFields" classname="cpsc326.ASTParserTests" time="0.0"/>
  <testcase name="idVariableDeclaration" classname="cpsc326.ASTParserTests" time="0.0"/>
  <testcase name="emptyInput" classname="cpsc326.ASTParserTests" time="0.001"/>
  <testcase name="singleIfStatementWithNonEmptyElse" classname="cpsc326.ASTParserTests" time="0.001"/>
  <testcase name="emptyWhileStatement" classname="cpsc326.ASTParserTests" time="0.0"/>
  <testcase name="nestedFunctionCallExpressions" classname="cpsc326.ASTParserTests" time="0.001"/>
  <testcase name="whileWithBodyStatement" classname="cpsc326.ASTParserTests" time="0.001"/>
  <testcase name="baseTypeArrayVariableDefinitionWithTypeAnnotation" classname="cpsc326.ASTParserTests" time="0.0"/>
  <testcase name="mixOfEmptyStructsAndFunctions" classname="cpsc326.ASTParserTests" time="0.001"/>
  <testcase name="emptyFunctionOneIdParam" classname="cpsc326.ASTParserTests" time="0.0"/>
  <testcase name="simpleBoolExpression" classname="cpsc326.ASTParserTests" time="0.0"/>
  <testcase name="singleIfStatementWithOneElseIf" classname="cpsc326.ASTParserTests" time="0.001"/>
  <testcase name="mixedVariablePathExpression" classname="cpsc326.ASTParserTests" time="0.001"/>
  <testcase name="simpleVariableExpressionWithoutArrayAccess" classname="cpsc326.ASTParserTests" time="0.0"/>
  <testcase name="idArrayVariableDefinitionWithTypeAnnotation" classname="cpsc326.ASTParserTests" time="0.001"/>
  <testcase name="arrayOfBaseTypeVariableDeclaration" classname="cpsc326.ASTParserTests" time="0.001"/>
  <testcase name="variableDefinitionWithoutTypeAnnotation" classname="cpsc326.ASTParserTests" time="0.0"/>
  <testcase name="structWithOneIdField" classname="cpsc326.ASTParserTests" time="0.001"/>
  <testcase name="simpleVariableExpressionWithArrayAccess" classname="cpsc326.ASTParserTests" time="0.001"/>
  <testcase name="newArrayExpressionWithBaseType" classname="cpsc326.ASTParserTests" time="0.0"/>
  <testcase name="oneArgCallExpression" classname="cpsc326.ASTParserTests" time="0.001"/>
  <testcase name="singleIfStatementWithTwoElseIfs" classname="cpsc326.ASTParserTests" time="0.0"/>
  <testcase name="structWithOneBaseTypeField" classname="cpsc326.ASTParserTests" time="0.0"/>
  <testcase name="twoBinaryOperatorsNoParens" classname="cpsc326.ASTParserTests" time="0.001"/>
  <testcase name="baseTypeVariableDefinitionWithTypeAnnotation" classname="cpsc326.ASTParserTests" time="0.0"/>
  <testcase name="multiplePathAssignment" classname="cpsc326.ASTParserTests" time="0.0"/>
  <testcase name="emptyFunctionOneIdArrayParam" classname="cpsc326.ASTParserTests" time="0.0"/>
  <testcase name="simpleArrayPathAssignment" classname="cpsc326.ASTParserTests" time="0.001"/>
  <testcase name="emptyFunctionTwoParams" classname="cpsc326.ASTParserTests" time="0.001"/>
  <testcase name="simpleLiteralValues" classname="cpsc326.ASTParserTests" time="0.0"/>
  <testcase name="simpleParenExpression" classname="cpsc326.ASTParserTests" time="0.0"/>
  <testcase name="complexArithmeticExpression" classname="cpsc326.ASTParserTests" time="0.0"/>
  <testcase name="singleIfStatementWithBody" classname="cpsc326.ASTParserTests" time="0.0"/>
  <testcase name="emptyStruct" classname="cpsc326.ASTParserTests" time="0.001"/>
  <testcase name="structWithThreeFields" classname="cpsc326.ASTParserTests" time="0.0"/>
  <testcase name="doubleNotExpression" classname="cpsc326.ASTParserTests" time="0.0"/>
  <testcase name="singleIfStatementWithEmptyElse" classname="cpsc326.ASTParserTests" time="0.001"/>
  <testcase name="newStructExpressionWithTwoArgs" classname="cpsc326.ASTParserTests" time="0.001"/>
  <testcase name="simpleAssignment" classname="cpsc326.ASTParserTests" time="0.0"/>
  <testcase name="emptyCallExpression" classname="cpsc326.ASTParserTests" time="0.001"/>
  <testcase name="newStructExpressionWithOneArg" classname="cpsc326.ASTParserTests" time="0.0"/>
  <testcase name="recursiveStructureAccess" classname="cpsc326.ASTParserTests" time="0.0"/>
  <testcase name="parenExpressionBeforeExpression" classname="cpsc326.ASTParserTests" time="0.0"/>
  <testcase name="twoArgCallExpression" classname="cpsc326.ASTParserTests" time="0.001"/>
  <testcase name="idVariableDefinitionWithTypeAnnotation" classname="cpsc326.ASTParserTests" time="0.0"/>
  <testcase name="baseTypeVariableDeclarations" classname="cpsc326.ASTParserTests" time="0.0"/>
</testsuite>